2022-12-09 17:12:47,664	INFO	b**********@g****.com	获得了 486MB 流量.
2022-12-09 17:21:47,578	INFO	b**********@g****.com	您似乎已经签到过了...
2022-12-09 10:09:58,264	INFO	b**********@g****.com	您似乎已经签到过了...
2022-12-09 10:18:44,444	INFO	b**********@g****.com	您似乎已经签到过了...
2022-12-09 16:29:04,166	INFO	b**********@g****.com	获得了 309MB 流量.
2022-12-10 16:27:45,663	INFO	b**********@g****.com	获得了 335MB 流量.
2022-12-11 16:27:27,447	INFO	b**********@g****.com	获得了 344MB 流量.
2022-12-12 16:30:32,608	INFO	b**********@g****.com	获得了 432MB 流量.
2022-12-13 16:29:47,271	INFO	b**********@g****.com	获得了 300MB 流量.
2022-12-14 16:29:50,968	INFO	b**********@g****.com	获得了 499MB 流量.
2022-12-15 16:30:14,599	INFO	b**********@g****.com	获得了 325MB 流量.
2022-12-16 16:27:39,197	INFO	b**********@g****.com	获得了 446MB 流量.
2022-12-17 16:25:25,032	INFO	b**********@g****.com	获得了 473MB 流量.
2022-12-18 16:25:47,109	INFO	b**********@g****.com	获得了 477MB 流量.
2022-12-19 16:30:16,895	INFO	b**********@g****.com	获得了 425MB 流量.
2022-12-20 16:29:05,656	INFO	b**********@g****.com	获得了 332MB 流量.
2022-12-21 16:28:58,861	INFO	b**********@g****.com	获得了 316MB 流量.
2022-12-22 16:27:48,190	INFO	b**********@g****.com	获得了 388MB 流量.
2022-12-23 16:27:09,040	INFO	b**********@g****.com	获得了 305MB 流量.
2022-12-24 16:26:22,576	INFO	b**********@g****.com	获得了 392MB 流量.
2022-12-25 16:25:56,920	INFO	b**********@g****.com	获得了 444MB 流量.
2022-12-26 16:26:26,158	INFO	b**********@g****.com	获得了 431MB 流量.
2022-12-27 16:26:43,785	INFO	b**********@g****.com	获得了 410MB 流量.
2022-12-28 16:26:46,892	INFO	b**********@g****.com	获得了 409MB 流量.
2022-12-29 16:27:08,634	INFO	b**********@g****.com	获得了 427MB 流量.
2022-12-30 09:46:30,601	INFO	b**********@g****.com	您似乎已经签到过了...
2022-12-30 12:55:36,807	INFO	l************@1**.com	您似乎已经签到过了...
2022-12-30 12:55:38,289	INFO	l************@g****.com	获得了 419MB 流量.
2022-12-30 12:55:39,799	INFO	1*********@q*.com	获得了 443MB 流量.
2022-12-30 12:55:41,338	INFO	l*******@o******.com	您似乎已经签到过了...
2022-12-30 12:55:42,856	INFO	1**********@1**.com	获得了 360MB 流量.
2023-09-18 17:07:47,672	INFO	l************@1**.com	
2023-09-18 17:07:48,956	INFO	l************@g****.com	
2023-09-18 17:07:50,241	INFO	1*********@q*.com	
2023-09-18 17:07:51,476	INFO	l*******@o******.com	
2023-09-18 17:07:52,678	INFO	1**********@1**.com	
2023-09-18 17:07:53,993	INFO	1*********@q*.com	
2023-09-18 17:07:55,250	INFO	l*******@1**.com	
2023-09-18 17:07:56,566	INFO	l**********@m************.cn	
2023-09-19 16:28:19,182	INFO	l************@1**.com	
2023-09-19 16:28:20,446	INFO	l************@g****.com	
2023-09-19 16:28:21,769	INFO	1*********@q*.com	
2023-09-19 16:28:23,020	INFO	l*******@o******.com	
2023-09-19 16:28:24,276	INFO	1**********@1**.com	
2023-09-19 16:28:25,629	INFO	1*********@q*.com	
2023-09-19 16:28:26,926	INFO	l*******@1**.com	
2023-09-19 16:28:28,300	INFO	l**********@m************.cn	
2023-09-20 16:28:02,814	INFO	l************@1**.com	
2023-09-20 16:28:04,115	INFO	l************@g****.com	
2023-09-20 16:28:05,486	INFO	1*********@q*.com	
2023-09-20 16:28:06,827	INFO	l*******@o******.com	
2023-09-20 16:28:08,125	INFO	1**********@1**.com	
2023-09-20 16:28:09,438	INFO	1*********@q*.com	
2023-09-20 16:28:10,691	INFO	l*******@1**.com	
2023-09-20 16:28:12,036	INFO	l**********@m************.cn	
2023-09-21 16:26:49,896	INFO	l************@1**.com	
2023-09-21 16:26:51,246	INFO	l************@g****.com	
2023-09-21 16:26:52,621	INFO	1*********@q*.com	
2023-09-21 16:26:53,968	INFO	l*******@o******.com	
2023-09-21 16:26:55,313	INFO	1**********@1**.com	
2023-09-21 16:26:56,626	INFO	1*********@q*.com	
2023-09-21 16:26:58,006	INFO	l*******@1**.com	
2023-09-21 16:26:59,344	INFO	l**********@m************.cn	
2023-09-22 16:27:11,088	INFO	l************@1**.com	
2023-09-22 16:27:12,382	INFO	l************@g****.com	
2023-09-22 16:27:13,541	INFO	1*********@q*.com	
2023-09-22 16:27:14,739	INFO	l*******@o******.com	
2023-09-22 16:27:15,929	INFO	1**********@1**.com	
2023-09-22 16:27:17,124	INFO	1*********@q*.com	
2023-09-22 16:27:18,327	INFO	l*******@1**.com	
2023-09-22 16:27:19,587	INFO	l**********@m************.cn	
2023-09-23 16:24:34,422	INFO	l************@1**.com	
2023-09-23 16:24:35,880	INFO	l************@g****.com	
2023-09-23 16:24:37,382	INFO	1*********@q*.com	
2023-09-23 16:24:39,744	INFO	l*******@o******.com	
2023-09-23 16:24:41,158	INFO	1**********@1**.com	
2023-09-23 16:24:42,569	INFO	1*********@q*.com	
2023-09-23 16:24:43,947	INFO	l*******@1**.com	
2023-09-23 16:24:45,366	INFO	l**********@m************.cn	
2023-09-24 16:24:56,745	INFO	l************@1**.com	
2023-09-24 16:24:58,161	INFO	l************@g****.com	
2023-09-24 16:24:59,485	INFO	1*********@q*.com	
2023-09-24 16:25:00,852	INFO	l*******@o******.com	
2023-09-24 16:25:02,254	INFO	1**********@1**.com	
2023-09-24 16:25:03,614	INFO	1*********@q*.com	
2023-09-24 16:25:04,917	INFO	l*******@1**.com	
2023-09-24 16:25:06,258	INFO	l**********@m************.cn	
2023-09-25 16:28:26,411	INFO	l************@1**.com	
2023-09-25 16:28:27,670	INFO	l************@g****.com	
2023-09-25 16:28:28,932	INFO	1*********@q*.com	
2023-09-25 16:28:30,073	INFO	l*******@o******.com	
2023-09-25 16:28:31,280	INFO	1**********@1**.com	
2023-09-25 16:28:32,494	INFO	1*********@q*.com	
2023-09-25 16:28:33,807	INFO	l*******@1**.com	
2023-09-25 16:28:35,016	INFO	l**********@m************.cn	
2023-09-26 16:28:15,842	INFO	l************@1**.com	
2023-09-26 16:28:17,013	INFO	l************@g****.com	
2023-09-26 16:28:18,117	INFO	1*********@q*.com	
2023-09-26 16:28:19,187	INFO	l*******@o******.com	
2023-09-26 16:28:20,279	INFO	1**********@1**.com	
2023-09-26 16:28:21,359	INFO	1*********@q*.com	
2023-09-26 16:28:22,535	INFO	l*******@1**.com	
2023-09-26 16:28:23,615	INFO	l**********@m************.cn	
2023-09-27 16:27:53,875	INFO	l************@1**.com	
2023-09-27 16:27:55,097	INFO	l************@g****.com	
2023-09-27 16:27:56,329	INFO	1*********@q*.com	
2023-09-27 16:27:57,484	INFO	l*******@o******.com	
2023-09-27 16:27:58,603	INFO	1**********@1**.com	
2023-09-27 16:27:59,705	INFO	1*********@q*.com	
2023-09-27 16:28:01,831	INFO	l*******@1**.com	
2023-09-27 16:28:03,067	INFO	l**********@m************.cn	
2023-09-28 16:27:51,273	INFO	l************@1**.com	
2023-09-28 16:27:52,710	INFO	l************@g****.com	
2023-09-28 16:27:54,050	INFO	1*********@q*.com	
2023-09-28 16:27:55,398	INFO	l*******@o******.com	
2023-09-28 16:27:56,761	INFO	1**********@1**.com	
2023-09-28 16:27:58,138	INFO	1*********@q*.com	
2023-09-28 16:27:59,517	INFO	l*******@1**.com	
2023-09-28 16:28:00,921	INFO	l**********@m************.cn	
2023-09-29 16:27:05,007	INFO	l************@1**.com	
2023-09-29 16:27:06,315	INFO	l************@g****.com	
2023-09-29 16:27:07,579	INFO	1*********@q*.com	
2023-09-29 16:27:08,823	INFO	l*******@o******.com	
2023-09-29 16:27:10,006	INFO	1**********@1**.com	
2023-09-29 16:27:11,246	INFO	1*********@q*.com	
2023-09-29 16:27:12,421	INFO	l*******@1**.com	
2023-09-29 16:27:13,609	INFO	l**********@m************.cn	
2023-09-30 16:24:32,236	INFO	l************@1**.com	
2023-09-30 16:24:33,649	INFO	l************@g****.com	
2023-09-30 16:24:35,074	INFO	1*********@q*.com	
2023-09-30 16:24:36,453	INFO	l*******@o******.com	
2023-09-30 16:24:37,795	INFO	1**********@1**.com	
2023-09-30 16:24:39,149	INFO	1*********@q*.com	
2023-09-30 16:24:40,546	INFO	l*******@1**.com	
2023-09-30 16:24:41,883	INFO	l**********@m************.cn	
2023-10-01 16:24:58,349	INFO	l************@1**.com	
2023-10-01 16:24:59,703	INFO	l************@g****.com	
2023-10-01 16:25:01,074	INFO	1*********@q*.com	
2023-10-01 16:25:02,454	INFO	l*******@o******.com	
2023-10-01 16:25:03,829	INFO	1**********@1**.com	
2023-10-01 16:25:05,136	INFO	1*********@q*.com	
2023-10-01 16:25:06,418	INFO	l*******@1**.com	
2023-10-01 16:25:07,791	INFO	l**********@m************.cn	
